<?xml version="1.0" encoding="UTF-8"?>
<testsuite name="demo.ApiDocumentation" tests="4" skipped="0" failures="0" errors="0" timestamp="2015-08-31T00:50:20" hostname="vizio" time="0.605">
  <properties/>
  <testcase name="errorExample" classname="demo.ApiDocumentation" time="0.187"/>
  <testcase name="usersCreateExample" classname="demo.ApiDocumentation" time="0.131"/>
  <testcase name="userGetExample" classname="demo.ApiDocumentation" time="0.053"/>
  <testcase name="usersListExample" classname="demo.ApiDocumentation" time="0.233"/>
  <system-out><![CDATA[18:50:14.895 [Test worker] DEBUG o.s.t.c.j.SpringJUnit4ClassRunner - SpringJUnit4ClassRunner constructor called with [class demo.ApiDocumentation].
18:50:14.904 [Test worker] DEBUG o.s.test.context.BootstrapUtils - Instantiating TestContextBootstrapper from class [org.springframework.test.context.web.WebTestContextBootstrapper]
18:50:14.921 [Test worker] DEBUG o.s.t.c.w.WebTestContextBootstrapper - Found explicit ContextLoader class [org.springframework.boot.test.SpringApplicationContextLoader] for context configuration attributes [ContextConfigurationAttributes@1c9c5521 declaringClass = 'demo.ApiDocumentation', classes = '{class demo.DemoApplication}', locations = '{}', inheritLocations = true, initializers = '{}', inheritInitializers = true, name = [null], contextLoaderClass = 'org.springframework.boot.test.SpringApplicationContextLoader']
18:50:14.926 [Test worker] DEBUG o.s.t.c.support.ActiveProfilesUtils - Could not find an 'annotation declaring class' for annotation type [org.springframework.test.context.ActiveProfiles] and class [demo.ApiDocumentation]
18:50:14.929 [Test worker] DEBUG o.s.t.c.w.WebTestContextBootstrapper - @TestExecutionListeners is not present for class [demo.ApiDocumentation]: using defaults.
18:50:14.939 [Test worker] INFO  o.s.t.c.w.WebTestContextBootstrapper - Loaded default TestExecutionListener class names from location [META-INF/spring.factories]: [org.springframework.restdocs.config.RestDocumentationTestExecutionListener, org.springframework.test.context.web.ServletTestExecutionListener, org.springframework.test.context.support.DependencyInjectionTestExecutionListener, org.springframework.test.context.support.DirtiesContextTestExecutionListener, org.springframework.test.context.transaction.TransactionalTestExecutionListener, org.springframework.test.context.jdbc.SqlScriptsTestExecutionListener]
18:50:14.956 [Test worker] INFO  o.s.t.c.w.WebTestContextBootstrapper - Using TestExecutionListeners: [org.springframework.test.context.web.ServletTestExecutionListener@9eed10a, org.springframework.test.context.support.DependencyInjectionTestExecutionListener@1dddec9e, org.springframework.test.context.support.DirtiesContextTestExecutionListener@54d98863, org.springframework.test.context.transaction.TransactionalTestExecutionListener@1589471a, org.springframework.test.context.jdbc.SqlScriptsTestExecutionListener@679b0701, org.springframework.restdocs.config.RestDocumentationTestExecutionListener@72e907ca]
18:50:14.960 [Test worker] DEBUG o.s.t.annotation.ProfileValueUtils - Retrieved @ProfileValueSourceConfiguration [null] for test class [demo.ApiDocumentation]
18:50:14.960 [Test worker] DEBUG o.s.t.annotation.ProfileValueUtils - Retrieved ProfileValueSource type [class org.springframework.test.annotation.SystemProfileValueSource] for class [demo.ApiDocumentation]
18:50:14.961 [Test worker] DEBUG o.s.t.annotation.ProfileValueUtils - Retrieved @ProfileValueSourceConfiguration [null] for test class [demo.ApiDocumentation]
18:50:14.962 [Test worker] DEBUG o.s.t.annotation.ProfileValueUtils - Retrieved ProfileValueSource type [class org.springframework.test.annotation.SystemProfileValueSource] for class [demo.ApiDocumentation]
18:50:14.964 [Test worker] DEBUG o.s.t.annotation.ProfileValueUtils - Retrieved @ProfileValueSourceConfiguration [null] for test class [demo.ApiDocumentation]
18:50:14.964 [Test worker] DEBUG o.s.t.annotation.ProfileValueUtils - Retrieved ProfileValueSource type [class org.springframework.test.annotation.SystemProfileValueSource] for class [demo.ApiDocumentation]
18:50:15.027 [Test worker] DEBUG o.s.core.env.StandardEnvironment - Adding [systemProperties] PropertySource with lowest search precedence
18:50:15.029 [Test worker] DEBUG o.s.core.env.StandardEnvironment - Adding [systemEnvironment] PropertySource with lowest search precedence
18:50:15.029 [Test worker] DEBUG o.s.core.env.StandardEnvironment - Initialized StandardEnvironment with PropertySources [systemProperties,systemEnvironment]
18:50:15.031 [Test worker] DEBUG o.s.core.env.StandardEnvironment - Adding [integrationTest] PropertySource with search precedence immediately lower than [systemEnvironment]

  .   ____          _            __ _ _
 /\\ / ___'_ __ _ _(_)_ __  __ _ \ \ \ \
( ( )\___ | '_ | '_| | '_ \/ _` | \ \ \ \
 \\/  ___)| |_)| | | | | || (_| |  ) ) ) )
  '  |____| .__|_| |_|_| |_\__, | / / / /
 =========|_|==============|___/=/_/_/_/
 :: Spring Boot ::        (v1.2.5.RELEASE)

2015-08-30 18:50:15.266  INFO 14271 --- [    Test worker] demo.ApiDocumentation                    : Starting ApiDocumentation on vizio with PID 14271 (/home/diego/projects/java/demo/build/classes/test started by diego in /home/diego/projects/java/demo)
2015-08-30 18:50:15.326  INFO 14271 --- [    Test worker] o.s.w.c.s.GenericWebApplicationContext   : Refreshing org.springframework.web.context.support.GenericWebApplicationContext@dbcfb6b: startup date [Sun Aug 30 18:50:15 CST 2015]; root of context hierarchy
2015-08-30 18:50:16.280  INFO 14271 --- [    Test worker] o.s.b.f.s.DefaultListableBeanFactory     : Overriding bean definition for bean 'beanNameViewResolver': replacing [Root bean: class [null]; scope=; abstract=false; lazyInit=false; autowireMode=3; dependencyCheck=0; autowireCandidate=true; primary=false; factoryBeanName=org.springframework.boot.autoconfigure.web.ErrorMvcAutoConfiguration$WhitelabelErrorViewConfiguration; factoryMethodName=beanNameViewResolver; initMethodName=null; destroyMethodName=(inferred); defined in class path resource [org/springframework/boot/autoconfigure/web/ErrorMvcAutoConfiguration$WhitelabelErrorViewConfiguration.class]] with [Root bean: class [null]; scope=; abstract=false; lazyInit=false; autowireMode=3; dependencyCheck=0; autowireCandidate=true; primary=false; factoryBeanName=org.springframework.boot.autoconfigure.web.WebMvcAutoConfiguration$WebMvcAutoConfigurationAdapter; factoryMethodName=beanNameViewResolver; initMethodName=null; destroyMethodName=(inferred); defined in class path resource [org/springframework/boot/autoconfigure/web/WebMvcAutoConfiguration$WebMvcAutoConfigurationAdapter.class]]
2015-08-30 18:50:17.181  INFO 14271 --- [    Test worker] trationDelegate$BeanPostProcessorChecker : Bean 'org.springframework.transaction.annotation.ProxyTransactionManagementConfiguration' of type [class org.springframework.transaction.annotation.ProxyTransactionManagementConfiguration$$EnhancerBySpringCGLIB$$8bf17c85] is not eligible for getting processed by all BeanPostProcessors (for example: not eligible for auto-proxying)
2015-08-30 18:50:17.210  INFO 14271 --- [    Test worker] trationDelegate$BeanPostProcessorChecker : Bean 'transactionAttributeSource' of type [class org.springframework.transaction.annotation.AnnotationTransactionAttributeSource] is not eligible for getting processed by all BeanPostProcessors (for example: not eligible for auto-proxying)
2015-08-30 18:50:17.223  INFO 14271 --- [    Test worker] trationDelegate$BeanPostProcessorChecker : Bean 'transactionInterceptor' of type [class org.springframework.transaction.interceptor.TransactionInterceptor] is not eligible for getting processed by all BeanPostProcessors (for example: not eligible for auto-proxying)
2015-08-30 18:50:17.231  INFO 14271 --- [    Test worker] trationDelegate$BeanPostProcessorChecker : Bean 'org.springframework.transaction.config.internalTransactionAdvisor' of type [class org.springframework.transaction.interceptor.BeanFactoryTransactionAttributeSourceAdvisor] is not eligible for getting processed by all BeanPostProcessors (for example: not eligible for auto-proxying)
2015-08-30 18:50:17.585  INFO 14271 --- [    Test worker] o.f.c.i.dbsupport.DbSupportFactory       : Database: jdbc:postgresql://localhost:5432/demo (PostgreSQL 9.1)
2015-08-30 18:50:17.639  INFO 14271 --- [    Test worker] o.f.core.internal.command.DbValidate     : Validated 1 migration (execution time 00:00.026s)
2015-08-30 18:50:17.677  INFO 14271 --- [    Test worker] o.f.core.internal.command.DbMigrate      : Current version of schema "public": 1
2015-08-30 18:50:17.786  INFO 14271 --- [    Test worker] o.f.core.internal.command.DbMigrate      : Schema "public" is up to date. No migration necessary.
2015-08-30 18:50:17.930  INFO 14271 --- [    Test worker] j.LocalContainerEntityManagerFactoryBean : Building JPA container EntityManagerFactory for persistence unit 'default'
2015-08-30 18:50:17.947  INFO 14271 --- [    Test worker] o.hibernate.jpa.internal.util.LogHelper  : HHH000204: Processing PersistenceUnitInfo [
	name: default
	...]
2015-08-30 18:50:18.009  INFO 14271 --- [    Test worker] org.hibernate.Version                    : HHH000412: Hibernate Core {4.3.10.Final}
2015-08-30 18:50:18.010  INFO 14271 --- [    Test worker] org.hibernate.cfg.Environment            : HHH000206: hibernate.properties not found
2015-08-30 18:50:18.012  INFO 14271 --- [    Test worker] org.hibernate.cfg.Environment            : HHH000021: Bytecode provider name : javassist
2015-08-30 18:50:18.161  INFO 14271 --- [    Test worker] o.hibernate.annotations.common.Version   : HCANN000001: Hibernate Commons Annotations {4.0.5.Final}
2015-08-30 18:50:18.417  INFO 14271 --- [    Test worker] org.hibernate.dialect.Dialect            : HHH000400: Using dialect: org.hibernate.dialect.PostgreSQL9Dialect
2015-08-30 18:50:18.426  INFO 14271 --- [    Test worker] o.h.e.jdbc.internal.LobCreatorBuilder    : HHH000424: Disabling contextual LOB creation as createClob() method threw error : java.lang.reflect.InvocationTargetException
2015-08-30 18:50:18.506  INFO 14271 --- [    Test worker] o.h.h.i.ast.ASTQueryTranslatorFactory    : HHH000397: Using ASTQueryTranslatorFactory
2015-08-30 18:50:19.713  INFO 14271 --- [    Test worker] s.w.s.m.m.a.RequestMappingHandlerAdapter : Looking for @ControllerAdvice: org.springframework.web.context.support.GenericWebApplicationContext@dbcfb6b: startup date [Sun Aug 30 18:50:15 CST 2015]; root of context hierarchy
2015-08-30 18:50:19.783  INFO 14271 --- [    Test worker] s.w.s.m.m.a.RequestMappingHandlerMapping : Mapped "{[/v1/users/{id}],methods=[GET]}" onto public demo.domain.model.User demo.web.controller.UsersController.show(java.lang.Long)
2015-08-30 18:50:19.784  INFO 14271 --- [    Test worker] s.w.s.m.m.a.RequestMappingHandlerMapping : Mapped "{[/v1/users],methods=[POST]}" onto public org.springframework.http.ResponseEntity<?> demo.web.controller.UsersController.create(demo.domain.model.User)
2015-08-30 18:50:19.784  INFO 14271 --- [    Test worker] s.w.s.m.m.a.RequestMappingHandlerMapping : Mapped "{[/v1/users],methods=[GET]}" onto public java.lang.Iterable demo.web.controller.UsersController.index()
2015-08-30 18:50:19.786  INFO 14271 --- [    Test worker] s.w.s.m.m.a.RequestMappingHandlerMapping : Mapped "{[/error],produces=[text/html]}" onto public org.springframework.web.servlet.ModelAndView org.springframework.boot.autoconfigure.web.BasicErrorController.errorHtml(javax.servlet.http.HttpServletRequest)
2015-08-30 18:50:19.787  INFO 14271 --- [    Test worker] s.w.s.m.m.a.RequestMappingHandlerMapping : Mapped "{[/error]}" onto public org.springframework.http.ResponseEntity<java.util.Map<java.lang.String, java.lang.Object>> org.springframework.boot.autoconfigure.web.BasicErrorController.error(javax.servlet.http.HttpServletRequest)
2015-08-30 18:50:19.822  INFO 14271 --- [    Test worker] o.s.w.s.handler.SimpleUrlHandlerMapping  : Mapped URL path [/**] onto handler of type [class org.springframework.web.servlet.resource.ResourceHttpRequestHandler]
2015-08-30 18:50:19.822  INFO 14271 --- [    Test worker] o.s.w.s.handler.SimpleUrlHandlerMapping  : Mapped URL path [/webjars/**] onto handler of type [class org.springframework.web.servlet.resource.ResourceHttpRequestHandler]
2015-08-30 18:50:19.881  INFO 14271 --- [    Test worker] o.s.w.s.handler.SimpleUrlHandlerMapping  : Mapped URL path [/**/favicon.ico] onto handler of type [class org.springframework.web.servlet.resource.ResourceHttpRequestHandler]
2015-08-30 18:50:20.455  INFO 14271 --- [    Test worker] o.s.b.a.e.mvc.EndpointHandlerMapping     : Mapped "{[/mappings],methods=[GET]}" onto public java.lang.Object org.springframework.boot.actuate.endpoint.mvc.EndpointMvcAdapter.invoke()
2015-08-30 18:50:20.456  INFO 14271 --- [    Test worker] o.s.b.a.e.mvc.EndpointHandlerMapping     : Mapped "{[/beans],methods=[GET]}" onto public java.lang.Object org.springframework.boot.actuate.endpoint.mvc.EndpointMvcAdapter.invoke()
2015-08-30 18:50:20.457  INFO 14271 --- [    Test worker] o.s.b.a.e.mvc.EndpointHandlerMapping     : Mapped "{[/env/{name:.*}],methods=[GET]}" onto public java.lang.Object org.springframework.boot.actuate.endpoint.mvc.EnvironmentMvcEndpoint.value(java.lang.String)
2015-08-30 18:50:20.457  INFO 14271 --- [    Test worker] o.s.b.a.e.mvc.EndpointHandlerMapping     : Mapped "{[/env],methods=[GET]}" onto public java.lang.Object org.springframework.boot.actuate.endpoint.mvc.EndpointMvcAdapter.invoke()
2015-08-30 18:50:20.458  INFO 14271 --- [    Test worker] o.s.b.a.e.mvc.EndpointHandlerMapping     : Mapped "{[/metrics/{name:.*}],methods=[GET]}" onto public java.lang.Object org.springframework.boot.actuate.endpoint.mvc.MetricsMvcEndpoint.value(java.lang.String)
2015-08-30 18:50:20.458  INFO 14271 --- [    Test worker] o.s.b.a.e.mvc.EndpointHandlerMapping     : Mapped "{[/metrics],methods=[GET]}" onto public java.lang.Object org.springframework.boot.actuate.endpoint.mvc.EndpointMvcAdapter.invoke()
2015-08-30 18:50:20.458  INFO 14271 --- [    Test worker] o.s.b.a.e.mvc.EndpointHandlerMapping     : Mapped "{[/info],methods=[GET]}" onto public java.lang.Object org.springframework.boot.actuate.endpoint.mvc.EndpointMvcAdapter.invoke()
2015-08-30 18:50:20.459  INFO 14271 --- [    Test worker] o.s.b.a.e.mvc.EndpointHandlerMapping     : Mapped "{[/health]}" onto public java.lang.Object org.springframework.boot.actuate.endpoint.mvc.HealthMvcEndpoint.invoke(java.security.Principal)
2015-08-30 18:50:20.459  INFO 14271 --- [    Test worker] o.s.b.a.e.mvc.EndpointHandlerMapping     : Mapped "{[/dump],methods=[GET]}" onto public java.lang.Object org.springframework.boot.actuate.endpoint.mvc.EndpointMvcAdapter.invoke()
2015-08-30 18:50:20.459  INFO 14271 --- [    Test worker] o.s.b.a.e.mvc.EndpointHandlerMapping     : Mapped "{[/trace],methods=[GET]}" onto public java.lang.Object org.springframework.boot.actuate.endpoint.mvc.EndpointMvcAdapter.invoke()
2015-08-30 18:50:20.460  INFO 14271 --- [    Test worker] o.s.b.a.e.mvc.EndpointHandlerMapping     : Mapped "{[/autoconfig],methods=[GET]}" onto public java.lang.Object org.springframework.boot.actuate.endpoint.mvc.EndpointMvcAdapter.invoke()
2015-08-30 18:50:20.460  INFO 14271 --- [    Test worker] o.s.b.a.e.mvc.EndpointHandlerMapping     : Mapped "{[/configprops],methods=[GET]}" onto public java.lang.Object org.springframework.boot.actuate.endpoint.mvc.EndpointMvcAdapter.invoke()
2015-08-30 18:50:20.572  INFO 14271 --- [    Test worker] demo.ApiDocumentation                    : Started ApiDocumentation in 5.527 seconds (JVM running for 6.389)
2015-08-30 18:50:20.606  INFO 14271 --- [    Test worker] o.s.mock.web.MockServletContext          : Initializing Spring FrameworkServlet ''
2015-08-30 18:50:20.606  INFO 14271 --- [    Test worker] o.s.t.web.servlet.TestDispatcherServlet  : FrameworkServlet '': initialization started
2015-08-30 18:50:20.622  INFO 14271 --- [    Test worker] o.s.t.web.servlet.TestDispatcherServlet  : FrameworkServlet '': initialization completed in 16 ms

MockHttpServletRequest:
         HTTP Method = GET
         Request URI = /error
          Parameters = {}
             Headers = {}

             Handler:
                Type = org.springframework.boot.autoconfigure.web.BasicErrorController
              Method = public org.springframework.http.ResponseEntity<java.util.Map<java.lang.String, java.lang.Object>> org.springframework.boot.autoconfigure.web.BasicErrorController.error(javax.servlet.http.HttpServletRequest)

               Async:
       Async started = false
        Async result = null

  Resolved Exception:
                Type = null

        ModelAndView:
           View name = null
                View = null
               Model = null

            FlashMap:

MockHttpServletResponse:
              Status = 400
       Error message = null
             Headers = {Content-Type=[application/json;charset=UTF-8]}
        Content type = application/json;charset=UTF-8
                Body = {"timestamp":1440982220670,"status":400,"error":"Bad Request","message":"The user 'http://localhost:8080/users/123' does not exist","path":"/v1/users"}
       Forwarded URL = null
      Redirected URL = null
             Cookies = []
2015-08-30 18:50:20.775  INFO 14271 --- [    Test worker] o.s.mock.web.MockServletContext          : Initializing Spring FrameworkServlet ''
2015-08-30 18:50:20.775  INFO 14271 --- [    Test worker] o.s.t.web.servlet.TestDispatcherServlet  : FrameworkServlet '': initialization started
2015-08-30 18:50:20.778  INFO 14271 --- [    Test worker] o.s.t.web.servlet.TestDispatcherServlet  : FrameworkServlet '': initialization completed in 3 ms

MockHttpServletRequest:
         HTTP Method = POST
         Request URI = /v1/users
          Parameters = {}
             Headers = {Content-Type=[application/json], Content-Length=[51]}

             Handler:
                Type = demo.web.controller.UsersController
              Method = public org.springframework.http.ResponseEntity<?> demo.web.controller.UsersController.create(demo.domain.model.User)

               Async:
       Async started = false
        Async result = null

  Resolved Exception:
                Type = null

        ModelAndView:
           View name = null
                View = null
               Model = null

            FlashMap:

MockHttpServletResponse:
              Status = 201
       Error message = null
             Headers = {Location=[http://localhost:8080/v1/users/143], Content-Type=[application/json;charset=UTF-8]}
        Content type = application/json;charset=UTF-8
                Body = {"id":143,"name":"Luke Skywalker","email":"luke@rebels.com"}
       Forwarded URL = null
      Redirected URL = http://localhost:8080/v1/users/143
             Cookies = []

MockHttpServletRequest:
         HTTP Method = POST
         Request URI = /v1/users
          Parameters = {}
             Headers = {Content-Type=[application/json], Content-Length=[51]}

             Handler:
                Type = demo.web.controller.UsersController
              Method = public org.springframework.http.ResponseEntity<?> demo.web.controller.UsersController.create(demo.domain.model.User)

               Async:
       Async started = false
        Async result = null

  Resolved Exception:
                Type = null

        ModelAndView:
           View name = null
                View = null
               Model = null

            FlashMap:

MockHttpServletResponse:
              Status = 201
       Error message = null
             Headers = {Location=[http://localhost:8080/v1/users/144], Content-Type=[application/json;charset=UTF-8]}
        Content type = application/json;charset=UTF-8
                Body = {"id":144,"name":"Luke Skywalker","email":"luke@rebels.com"}
       Forwarded URL = null
      Redirected URL = http://localhost:8080/v1/users/144
             Cookies = []
2015-08-30 18:50:20.907  INFO 14271 --- [    Test worker] o.s.mock.web.MockServletContext          : Initializing Spring FrameworkServlet ''
2015-08-30 18:50:20.907  INFO 14271 --- [    Test worker] o.s.t.web.servlet.TestDispatcherServlet  : FrameworkServlet '': initialization started
2015-08-30 18:50:20.910  INFO 14271 --- [    Test worker] o.s.t.web.servlet.TestDispatcherServlet  : FrameworkServlet '': initialization completed in 3 ms

MockHttpServletRequest:
         HTTP Method = GET
         Request URI = /v1/users/145
          Parameters = {}
             Headers = {}

             Handler:
                Type = demo.web.controller.UsersController
              Method = public demo.domain.model.User demo.web.controller.UsersController.show(java.lang.Long)

               Async:
       Async started = false
        Async result = null

  Resolved Exception:
                Type = null

        ModelAndView:
           View name = null
                View = null
               Model = null

            FlashMap:

MockHttpServletResponse:
              Status = 200
       Error message = null
             Headers = {Content-Type=[application/json;charset=UTF-8]}
        Content type = application/json;charset=UTF-8
                Body = {"id":145,"name":"Luke Skywalker","email":"luke@rebels.com"}
       Forwarded URL = null
      Redirected URL = null
             Cookies = []
2015-08-30 18:50:20.960  INFO 14271 --- [    Test worker] o.s.mock.web.MockServletContext          : Initializing Spring FrameworkServlet ''
2015-08-30 18:50:20.960  INFO 14271 --- [    Test worker] o.s.t.web.servlet.TestDispatcherServlet  : FrameworkServlet '': initialization started
2015-08-30 18:50:20.962  INFO 14271 --- [    Test worker] o.s.t.web.servlet.TestDispatcherServlet  : FrameworkServlet '': initialization completed in 2 ms
]]></system-out>
  <system-err><![CDATA[]]></system-err>
</testsuite>
